Vivado Simulator 2018.2
Time resolution is 1 ps
Stopped at time : 0 fs : File "E:/PROJECTS/FPGA/block_matrix_multiplier/block_matrix_multiplier.srcs/sources_1/new/data_selector_bottom.vhd" Line 65
Stopped at time : 0 fs : File "E:/PROJECTS/FPGA/block_matrix_multiplier/block_matrix_multiplier.srcs/sim_1/new/data_selector_bottom_tb.vhd" Line 85
Stopped at time : 0 fs : File "E:/PROJECTS/FPGA/block_matrix_multiplier/block_matrix_multiplier.srcs/sim_1/new/data_selector_bottom_tb.vhd" Line 90
Stopped at time : 0 fs : File "E:/PROJECTS/FPGA/block_matrix_multiplier/block_matrix_multiplier.srcs/sim_1/new/data_selector_bottom_tb.vhd" Line 94
Stopped at time : 0 fs : File "E:/PROJECTS/FPGA/block_matrix_multiplier/block_matrix_multiplier.srcs/sources_1/new/data_selector_bottom.vhd" Line 65
Stopped at time : 0 fs : File "E:/PROJECTS/FPGA/block_matrix_multiplier/block_matrix_multiplier.srcs/sources_1/new/data_selector_bottom.vhd" Line 74
Stopped at time : 0 fs : File "E:/PROJECTS/FPGA/block_matrix_multiplier/block_matrix_multiplier.srcs/sources_1/new/data_selector_bottom.vhd" Line 94
Stopped at time : 20 ns : File "E:/PROJECTS/FPGA/block_matrix_multiplier/block_matrix_multiplier.srcs/sources_1/new/data_selector_bottom.vhd" Line 65
Stopped at time : 40 ns : File "E:/PROJECTS/FPGA/block_matrix_multiplier/block_matrix_multiplier.srcs/sources_1/new/data_selector_bottom.vhd" Line 65
Stopped at time : 40 ns : File "E:/PROJECTS/FPGA/block_matrix_multiplier/block_matrix_multiplier.srcs/sources_1/new/data_selector_bottom.vhd" Line 74
Stopped at time : 40 ns : File "E:/PROJECTS/FPGA/block_matrix_multiplier/block_matrix_multiplier.srcs/sources_1/new/data_selector_bottom.vhd" Line 97
Stopped at time : 60 ns : File "E:/PROJECTS/FPGA/block_matrix_multiplier/block_matrix_multiplier.srcs/sources_1/new/data_selector_bottom.vhd" Line 65
Stopped at time : 80 ns : File "E:/PROJECTS/FPGA/block_matrix_multiplier/block_matrix_multiplier.srcs/sources_1/new/data_selector_bottom.vhd" Line 65
Stopped at time : 80 ns : File "E:/PROJECTS/FPGA/block_matrix_multiplier/block_matrix_multiplier.srcs/sources_1/new/data_selector_bottom.vhd" Line 74
Stopped at time : 100 ns : File "E:/PROJECTS/FPGA/block_matrix_multiplier/block_matrix_multiplier.srcs/sources_1/new/data_selector_bottom.vhd" Line 65
Stopped at time : 120 ns : File "E:/PROJECTS/FPGA/block_matrix_multiplier/block_matrix_multiplier.srcs/sources_1/new/data_selector_bottom.vhd" Line 65
Stopped at time : 120 ns : File "E:/PROJECTS/FPGA/block_matrix_multiplier/block_matrix_multiplier.srcs/sources_1/new/data_selector_bottom.vhd" Line 74
Stopped at time : 120 ns : File "E:/PROJECTS/FPGA/block_matrix_multiplier/block_matrix_multiplier.srcs/sources_1/new/data_selector_bottom.vhd" Line 94
Stopped at time : 140 ns : File "E:/PROJECTS/FPGA/block_matrix_multiplier/block_matrix_multiplier.srcs/sources_1/new/data_selector_bottom.vhd" Line 65
Stopped at time : 160 ns : File "E:/PROJECTS/FPGA/block_matrix_multiplier/block_matrix_multiplier.srcs/sources_1/new/data_selector_bottom.vhd" Line 65
Stopped at time : 160 ns : File "E:/PROJECTS/FPGA/block_matrix_multiplier/block_matrix_multiplier.srcs/sources_1/new/data_selector_bottom.vhd" Line 74
