
*** Running vivado
    with args -log data_selector.vdi -applog -m64 -product Vivado -messageDb vivado.pb -mode batch -source data_selector.tcl -notrace


****** Vivado v2018.2 (64-bit)
  **** SW Build 2258646 on Thu Jun 14 20:03:12 MDT 2018
  **** IP Build 2256618 on Thu Jun 14 22:10:49 MDT 2018
    ** Copyright 1986-2018 Xilinx, Inc. All Rights Reserved.

source data_selector.tcl -notrace
Command: link_design -top data_selector -part xc7a35tcpg236-1
Design is defaulting to srcset: sources_1
Design is defaulting to constrset: constrs_1
INFO: [Netlist 29-17] Analyzing 130 Unisim elements for replacement
INFO: [Netlist 29-28] Unisim Transformation completed in 0 CPU seconds
INFO: [Project 1-479] Netlist was created with Vivado 2018.2
INFO: [Device 21-403] Loading part xc7a35tcpg236-1
INFO: [Project 1-570] Preparing netlist for logic optimization
INFO: [Project 1-111] Unisim Transformation Summary:
No Unisim elements were transformed.

6 Infos, 0 Warnings, 0 Critical Warnings and 0 Errors encountered.
link_design completed successfully
link_design: Time (s): cpu = 00:00:07 ; elapsed = 00:00:10 . Memory (MB): peak = 604.523 ; gain = 298.922
Command: opt_design
Attempting to get a license for feature 'Implementation' and/or device 'xc7a35t'
INFO: [Common 17-349] Got license for feature 'Implementation' and/or device 'xc7a35t'
Running DRC as a precondition to command opt_design

Starting DRC Task
INFO: [DRC 23-27] Running DRC with 2 threads
INFO: [Project 1-461] DRC finished with 0 Errors
INFO: [Project 1-462] Please refer to the DRC report (report_drc) for more information.

Time (s): cpu = 00:00:02 ; elapsed = 00:00:01 . Memory (MB): peak = 623.234 ; gain = 18.676

Starting Cache Timing Information Task
INFO: [Timing 38-35] Done setting XDC timing constraints.
Ending Cache Timing Information Task | Checksum: 185ecdbcd

Time (s): cpu = 00:00:13 ; elapsed = 00:00:17 . Memory (MB): peak = 1176.879 ; gain = 553.645

Starting Logic Optimization Task

Phase 1 Retarget
INFO: [Opt 31-138] Pushed 0 inverter(s) to 0 load pin(s).
INFO: [Opt 31-49] Retargeted 0 cell(s).
Phase 1 Retarget | Checksum: 185ecdbcd

Time (s): cpu = 00:00:00 ; elapsed = 00:00:00.234 . Memory (MB): peak = 1176.879 ; gain = 0.000
INFO: [Opt 31-389] Phase Retarget created 0 cells and removed 0 cells

Phase 2 Constant propagation
INFO: [Opt 31-138] Pushed 0 inverter(s) to 0 load pin(s).
Phase 2 Constant propagation | Checksum: 185ecdbcd

Time (s): cpu = 00:00:00 ; elapsed = 00:00:00.248 . Memory (MB): peak = 1176.879 ; gain = 0.000
INFO: [Opt 31-389] Phase Constant propagation created 0 cells and removed 0 cells

Phase 3 Sweep
Phase 3 Sweep | Checksum: 125ca489d

Time (s): cpu = 00:00:00 ; elapsed = 00:00:00.463 . Memory (MB): peak = 1176.879 ; gain = 0.000
INFO: [Opt 31-389] Phase Sweep created 0 cells and removed 1 cells

Phase 4 BUFG optimization
Phase 4 BUFG optimization | Checksum: 125ca489d

Time (s): cpu = 00:00:00 ; elapsed = 00:00:00.502 . Memory (MB): peak = 1176.879 ; gain = 0.000
INFO: [Opt 31-662] Phase BUFG optimization created 0 cells of which 0 are BUFGs and removed 0 cells.

Phase 5 Shift Register Optimization
Phase 5 Shift Register Optimization | Checksum: 80f8154c

Time (s): cpu = 00:00:00 ; elapsed = 00:00:00.593 . Memory (MB): peak = 1176.879 ; gain = 0.000
INFO: [Opt 31-389] Phase Shift Register Optimization created 0 cells and removed 0 cells

Phase 6 Post Processing Netlist
Phase 6 Post Processing Netlist | Checksum: 80f8154c

Time (s): cpu = 00:00:00 ; elapsed = 00:00:00.620 . Memory (MB): peak = 1176.879 ; gain = 0.000
INFO: [Opt 31-389] Phase Post Processing Netlist created 0 cells and removed 0 cells

Starting Connectivity Check Task

Time (s): cpu = 00:00:00 ; elapsed = 00:00:00.001 . Memory (MB): peak = 1176.879 ; gain = 0.000
Ending Logic Optimization Task | Checksum: 80f8154c

Time (s): cpu = 00:00:00 ; elapsed = 00:00:00.642 . Memory (MB): peak = 1176.879 ; gain = 0.000

Starting Power Optimization Task
INFO: [Pwropt 34-132] Skipping clock gating for clocks with a period < 2.00 ns.
Ending Power Optimization Task | Checksum: 80f8154c

Time (s): cpu = 00:00:00 ; elapsed = 00:00:00.112 . Memory (MB): peak = 1176.879 ; gain = 0.000

Starting Final Cleanup Task
Ending Final Cleanup Task | Checksum: 80f8154c

Time (s): cpu = 00:00:00 ; elapsed = 00:00:00.001 . Memory (MB): peak = 1176.879 ; gain = 0.000
INFO: [Common 17-83] Releasing license: Implementation
22 Infos, 0 Warnings, 0 Critical Warnings and 0 Errors encountered.
opt_design completed successfully
opt_design: Time (s): cpu = 00:00:15 ; elapsed = 00:00:19 . Memory (MB): peak = 1176.879 ; gain = 572.355
WARNING: [Constraints 18-5210] No constraint will be written out.
INFO: [Common 17-1381] The checkpoint 'E:/PROJECTS/FPGA/block_matrix_multiplier/block_matrix_multiplier.runs/impl_1/data_selector_opt.dcp' has been generated.
INFO: [runtcl-4] Executing : report_drc -file data_selector_drc_opted.rpt -pb data_selector_drc_opted.pb -rpx data_selector_drc_opted.rpx
Command: report_drc -file data_selector_drc_opted.rpt -pb data_selector_drc_opted.pb -rpx data_selector_drc_opted.rpx
INFO: [IP_Flow 19-234] Refreshing IP repositories
INFO: [IP_Flow 19-1704] No user IP repositories specified
INFO: [IP_Flow 19-2313] Loaded Vivado IP repository 'C:/Xilinx/Vivado/2018.2/data/ip'.
INFO: [DRC 23-27] Running DRC with 2 threads
INFO: [Coretcl 2-168] The results of DRC are in file E:/PROJECTS/FPGA/block_matrix_multiplier/block_matrix_multiplier.runs/impl_1/data_selector_drc_opted.rpt.
report_drc completed successfully
Command: place_design
Attempting to get a license for feature 'Implementation' and/or device 'xc7a35t'
INFO: [Common 17-349] Got license for feature 'Implementation' and/or device 'xc7a35t'
INFO: [DRC 23-27] Running DRC with 2 threads
INFO: [Vivado_Tcl 4-198] DRC finished with 0 Errors
INFO: [Vivado_Tcl 4-199] Please refer to the DRC report (report_drc) for more information.
Running DRC as a precondition to command place_design
INFO: [DRC 23-27] Running DRC with 2 threads
INFO: [Vivado_Tcl 4-198] DRC finished with 0 Errors
INFO: [Vivado_Tcl 4-199] Please refer to the DRC report (report_drc) for more information.

Starting Placer Task
INFO: [Place 30-611] Multithreading enabled for place_design using a maximum of 2 CPUs

Phase 1 Placer Initialization

Phase 1.1 Placer Initialization Netlist Sorting
Netlist sorting complete. Time (s): cpu = 00:00:00 ; elapsed = 00:00:00 . Memory (MB): peak = 1176.879 ; gain = 0.000
Phase 1.1 Placer Initialization Netlist Sorting | Checksum: 28a06c8e

Time (s): cpu = 00:00:00 ; elapsed = 00:00:00.216 . Memory (MB): peak = 1176.879 ; gain = 0.000
Netlist sorting complete. Time (s): cpu = 00:00:00 ; elapsed = 00:00:00.001 . Memory (MB): peak = 1176.879 ; gain = 0.000

Phase 1.2 IO Placement/ Clock Placement/ Build Placer Device
ERROR: [Place 30-415] IO Placement failed due to overutilization. This design contains 195 I/O ports
 while the target  device: 7a35t package: cpg236, contains only 106 available user I/O. The target device has 106 usable I/O pins of which 0 are already occupied by user-locked I/Os.
 To rectify this issue:
 1. Ensure you are targeting the correct device and package.  Select a larger device or different package if necessary.
 2. Check the top-level ports of the design to ensure the correct number of ports are specified.
 3. Consider design changes to reduce the number of I/Os necessary.
INFO: [Timing 38-35] Done setting XDC timing constraints.
ERROR: [Place 30-68] Instance A_IBUF[0]_inst (IBUF) is not placed
ERROR: [Place 30-68] Instance A_IBUF[10]_inst (IBUF) is not placed
ERROR: [Place 30-68] Instance A_IBUF[11]_inst (IBUF) is not placed
ERROR: [Place 30-68] Instance A_IBUF[12]_inst (IBUF) is not placed
ERROR: [Place 30-68] Instance A_IBUF[13]_inst (IBUF) is not placed
ERROR: [Place 30-68] Instance A_IBUF[14]_inst (IBUF) is not placed
ERROR: [Place 30-68] Instance A_IBUF[15]_inst (IBUF) is not placed
ERROR: [Place 30-68] Instance A_IBUF[16]_inst (IBUF) is not placed
ERROR: [Place 30-68] Instance A_IBUF[17]_inst (IBUF) is not placed
ERROR: [Place 30-68] Instance A_IBUF[18]_inst (IBUF) is not placed
ERROR: [Place 30-68] Instance A_IBUF[19]_inst (IBUF) is not placed
ERROR: [Place 30-68] Instance A_IBUF[1]_inst (IBUF) is not placed
ERROR: [Place 30-68] Instance A_IBUF[20]_inst (IBUF) is not placed
ERROR: [Place 30-68] Instance A_IBUF[21]_inst (IBUF) is not placed
ERROR: [Place 30-68] Instance A_IBUF[22]_inst (IBUF) is not placed
ERROR: [Place 30-68] Instance A_IBUF[23]_inst (IBUF) is not placed
ERROR: [Place 30-68] Instance A_IBUF[24]_inst (IBUF) is not placed
ERROR: [Place 30-68] Instance A_IBUF[25]_inst (IBUF) is not placed
ERROR: [Place 30-68] Instance A_IBUF[26]_inst (IBUF) is not placed
ERROR: [Place 30-68] Instance A_IBUF[27]_inst (IBUF) is not placed
ERROR: [Place 30-68] Instance A_IBUF[28]_inst (IBUF) is not placed
ERROR: [Place 30-68] Instance A_IBUF[29]_inst (IBUF) is not placed
ERROR: [Place 30-68] Instance A_IBUF[2]_inst (IBUF) is not placed
ERROR: [Place 30-68] Instance A_IBUF[30]_inst (IBUF) is not placed
ERROR: [Place 30-68] Instance A_IBUF[31]_inst (IBUF) is not placed
ERROR: [Place 30-68] Instance A_IBUF[3]_inst (IBUF) is not placed
ERROR: [Place 30-68] Instance A_IBUF[4]_inst (IBUF) is not placed
ERROR: [Place 30-68] Instance A_IBUF[5]_inst (IBUF) is not placed
ERROR: [Place 30-68] Instance A_IBUF[64]_inst (IBUF) is not placed
ERROR: [Place 30-68] Instance A_IBUF[65]_inst (IBUF) is not placed
ERROR: [Place 30-68] Instance A_IBUF[66]_inst (IBUF) is not placed
ERROR: [Place 30-68] Instance A_IBUF[67]_inst (IBUF) is not placed
ERROR: [Place 30-68] Instance A_IBUF[68]_inst (IBUF) is not placed
ERROR: [Place 30-68] Instance A_IBUF[69]_inst (IBUF) is not placed
ERROR: [Place 30-68] Instance A_IBUF[6]_inst (IBUF) is not placed
ERROR: [Place 30-68] Instance A_IBUF[70]_inst (IBUF) is not placed
ERROR: [Place 30-68] Instance A_IBUF[71]_inst (IBUF) is not placed
ERROR: [Place 30-68] Instance A_IBUF[72]_inst (IBUF) is not placed
ERROR: [Place 30-68] Instance A_IBUF[73]_inst (IBUF) is not placed
ERROR: [Place 30-68] Instance A_IBUF[74]_inst (IBUF) is not placed
ERROR: [Place 30-68] Instance A_IBUF[75]_inst (IBUF) is not placed
ERROR: [Place 30-68] Instance A_IBUF[76]_inst (IBUF) is not placed
ERROR: [Place 30-68] Instance A_IBUF[77]_inst (IBUF) is not placed
ERROR: [Place 30-68] Instance A_IBUF[78]_inst (IBUF) is not placed
ERROR: [Place 30-68] Instance A_IBUF[79]_inst (IBUF) is not placed
ERROR: [Place 30-68] Instance A_IBUF[7]_inst (IBUF) is not placed
ERROR: [Place 30-68] Instance A_IBUF[80]_inst (IBUF) is not placed
ERROR: [Place 30-68] Instance A_IBUF[81]_inst (IBUF) is not placed
ERROR: [Place 30-68] Instance A_IBUF[82]_inst (IBUF) is not placed
ERROR: [Place 30-68] Instance A_IBUF[83]_inst (IBUF) is not placed
ERROR: [Place 30-68] Instance A_IBUF[84]_inst (IBUF) is not placed
ERROR: [Place 30-68] Instance A_IBUF[85]_inst (IBUF) is not placed
ERROR: [Place 30-68] Instance A_IBUF[86]_inst (IBUF) is not placed
ERROR: [Place 30-68] Instance A_IBUF[87]_inst (IBUF) is not placed
ERROR: [Place 30-68] Instance A_IBUF[88]_inst (IBUF) is not placed
ERROR: [Place 30-68] Instance A_IBUF[89]_inst (IBUF) is not placed
ERROR: [Place 30-68] Instance A_IBUF[8]_inst (IBUF) is not placed
ERROR: [Place 30-68] Instance A_IBUF[90]_inst (IBUF) is not placed
ERROR: [Place 30-68] Instance A_IBUF[91]_inst (IBUF) is not placed
ERROR: [Place 30-68] Instance A_IBUF[92]_inst (IBUF) is not placed
ERROR: [Place 30-68] Instance A_IBUF[93]_inst (IBUF) is not placed
ERROR: [Place 30-68] Instance A_IBUF[94]_inst (IBUF) is not placed
ERROR: [Place 30-68] Instance A_IBUF[95]_inst (IBUF) is not placed
ERROR: [Place 30-68] Instance A_IBUF[9]_inst (IBUF) is not placed
ERROR: [Place 30-68] Instance A_b_OBUF[0]_inst (OBUF) is not placed
ERROR: [Place 30-68] Instance A_b_OBUF[10]_inst (OBUF) is not placed
ERROR: [Place 30-68] Instance A_b_OBUF[11]_inst (OBUF) is not placed
ERROR: [Place 30-68] Instance A_b_OBUF[12]_inst (OBUF) is not placed
ERROR: [Place 30-68] Instance A_b_OBUF[13]_inst (OBUF) is not placed
ERROR: [Place 30-68] Instance A_b_OBUF[14]_inst (OBUF) is not placed
ERROR: [Place 30-68] Instance A_b_OBUF[15]_inst (OBUF) is not placed
ERROR: [Place 30-68] Instance A_b_OBUF[16]_inst (OBUF) is not placed
ERROR: [Place 30-68] Instance A_b_OBUF[17]_inst (OBUF) is not placed
ERROR: [Place 30-68] Instance A_b_OBUF[18]_inst (OBUF) is not placed
ERROR: [Place 30-68] Instance A_b_OBUF[19]_inst (OBUF) is not placed
ERROR: [Place 30-68] Instance A_b_OBUF[1]_inst (OBUF) is not placed
ERROR: [Place 30-68] Instance A_b_OBUF[20]_inst (OBUF) is not placed
ERROR: [Place 30-68] Instance A_b_OBUF[21]_inst (OBUF) is not placed
ERROR: [Place 30-68] Instance A_b_OBUF[22]_inst (OBUF) is not placed
ERROR: [Place 30-68] Instance A_b_OBUF[23]_inst (OBUF) is not placed
ERROR: [Place 30-68] Instance A_b_OBUF[24]_inst (OBUF) is not placed
ERROR: [Place 30-68] Instance A_b_OBUF[25]_inst (OBUF) is not placed
ERROR: [Place 30-68] Instance A_b_OBUF[26]_inst (OBUF) is not placed
ERROR: [Place 30-68] Instance A_b_OBUF[27]_inst (OBUF) is not placed
ERROR: [Place 30-68] Instance A_b_OBUF[28]_inst (OBUF) is not placed
ERROR: [Place 30-68] Instance A_b_OBUF[29]_inst (OBUF) is not placed
ERROR: [Place 30-68] Instance A_b_OBUF[2]_inst (OBUF) is not placed
ERROR: [Place 30-68] Instance A_b_OBUF[30]_inst (OBUF) is not placed
ERROR: [Place 30-68] Instance A_b_OBUF[31]_inst (OBUF) is not placed
ERROR: [Place 30-68] Instance A_b_OBUF[3]_inst (OBUF) is not placed
ERROR: [Place 30-68] Instance A_b_OBUF[4]_inst (OBUF) is not placed
ERROR: [Place 30-68] Instance A_b_OBUF[5]_inst (OBUF) is not placed
ERROR: [Place 30-68] Instance A_b_OBUF[6]_inst (OBUF) is not placed
ERROR: [Place 30-68] Instance A_b_OBUF[7]_inst (OBUF) is not placed
ERROR: [Place 30-68] Instance A_b_OBUF[8]_inst (OBUF) is not placed
ERROR: [Place 30-68] Instance A_b_OBUF[9]_inst (OBUF) is not placed
ERROR: [Place 30-68] Instance B_IBUF[0]_inst (IBUF) is not placed
ERROR: [Place 30-68] Instance B_IBUF[10]_inst (IBUF) is not placed
ERROR: [Place 30-68] Instance B_IBUF[11]_inst (IBUF) is not placed
ERROR: [Place 30-68] Instance B_IBUF[12]_inst (IBUF) is not placed
INFO: [Common 17-14] Message 'Place 30-68' appears 100 times and further instances of the messages will be disabled. Use the Tcl command set_msg_config to change the current settings.
Phase 1.2 IO Placement/ Clock Placement/ Build Placer Device | Checksum: bb773e23

Time (s): cpu = 00:00:02 ; elapsed = 00:00:02 . Memory (MB): peak = 1185.949 ; gain = 9.070
Phase 1 Placer Initialization | Checksum: bb773e23

Time (s): cpu = 00:00:02 ; elapsed = 00:00:02 . Memory (MB): peak = 1185.949 ; gain = 9.070
ERROR: [Place 30-99] Placer failed with error: 'IO Clock Placer failed'
Please review all ERROR, CRITICAL WARNING, and WARNING messages during placement to understand the cause for failure.
Ending Placer Task | Checksum: bb773e23

Time (s): cpu = 00:00:02 ; elapsed = 00:00:02 . Memory (MB): peak = 1185.949 ; gain = 9.070
INFO: [Common 17-83] Releasing license: Implementation
40 Infos, 1 Warnings, 0 Critical Warnings and 103 Errors encountered.
place_design failed
ERROR: [Common 17-69] Command failed: Placer could not place all instances
INFO: [Common 17-206] Exiting Vivado at Sun Oct 17 12:13:50 2021...
