
*** Running vivado
    with args -log main.vds -m64 -product Vivado -mode batch -messageDb vivado.pb -notrace -source main.tcl


****** Vivado v2018.2 (64-bit)
  **** SW Build 2258646 on Thu Jun 14 20:03:12 MDT 2018
  **** IP Build 2256618 on Thu Jun 14 22:10:49 MDT 2018
    ** Copyright 1986-2018 Xilinx, Inc. All Rights Reserved.

source main.tcl -notrace
create_project: Time (s): cpu = 00:00:05 ; elapsed = 00:00:35 . Memory (MB): peak = 301.680 ; gain = 72.414
Command: synth_design -top main -part xc7a35tcpg236-1
Starting synth_design
Attempting to get a license for feature 'Synthesis' and/or device 'xc7a35t'
INFO: [Common 17-349] Got license for feature 'Synthesis' and/or device 'xc7a35t'
INFO: Launching helper process for spawning children vivado processes
INFO: Helper process launched with PID 11296 
---------------------------------------------------------------------------------
Starting Synthesize : Time (s): cpu = 00:00:06 ; elapsed = 00:00:41 . Memory (MB): peak = 409.734 ; gain = 95.387
---------------------------------------------------------------------------------
INFO: [Synth 8-638] synthesizing module 'main' [D:/Krishi/CampusProjects/block_matrix_multiplier/block_matrix_multiplier.srcs/sources_1/new/main.vhd:45]
INFO: [Synth 8-3491] module 'data_selector_top' declared at 'D:/Krishi/CampusProjects/block_matrix_multiplier/block_matrix_multiplier.srcs/sources_1/new/data_selector_top.vhd:35' bound to instance 'data_selector_top_Imp' of component 'data_selector_top' [D:/Krishi/CampusProjects/block_matrix_multiplier/block_matrix_multiplier.srcs/sources_1/new/main.vhd:125]
INFO: [Synth 8-638] synthesizing module 'data_selector_top' [D:/Krishi/CampusProjects/block_matrix_multiplier/block_matrix_multiplier.srcs/sources_1/new/data_selector_top.vhd:45]
WARNING: [Synth 8-614] signal 'enable' is read in the process but is not in the sensitivity list [D:/Krishi/CampusProjects/block_matrix_multiplier/block_matrix_multiplier.srcs/sources_1/new/data_selector_top.vhd:57]
INFO: [Synth 8-256] done synthesizing module 'data_selector_top' (1#1) [D:/Krishi/CampusProjects/block_matrix_multiplier/block_matrix_multiplier.srcs/sources_1/new/data_selector_top.vhd:45]
INFO: [Synth 8-3491] module 'data_selector_bottom' declared at 'D:/Krishi/CampusProjects/block_matrix_multiplier/block_matrix_multiplier.srcs/sources_1/new/data_selector_bottom.vhd:35' bound to instance 'data_selector_bottom_Imp' of component 'data_selector_bottom' [D:/Krishi/CampusProjects/block_matrix_multiplier/block_matrix_multiplier.srcs/sources_1/new/main.vhd:136]
INFO: [Synth 8-638] synthesizing module 'data_selector_bottom' [D:/Krishi/CampusProjects/block_matrix_multiplier/block_matrix_multiplier.srcs/sources_1/new/data_selector_bottom.vhd:45]
WARNING: [Synth 8-614] signal 'clk_flag' is read in the process but is not in the sensitivity list [D:/Krishi/CampusProjects/block_matrix_multiplier/block_matrix_multiplier.srcs/sources_1/new/data_selector_bottom.vhd:70]
WARNING: [Synth 8-614] signal 'temp_clk' is read in the process but is not in the sensitivity list [D:/Krishi/CampusProjects/block_matrix_multiplier/block_matrix_multiplier.srcs/sources_1/new/data_selector_bottom.vhd:70]
ERROR: [Synth 8-97] array index 4 out of range [D:/Krishi/CampusProjects/block_matrix_multiplier/block_matrix_multiplier.srcs/sources_1/new/data_selector_bottom.vhd:211]
WARNING: [Synth 8-614] signal 'enable' is read in the process but is not in the sensitivity list [D:/Krishi/CampusProjects/block_matrix_multiplier/block_matrix_multiplier.srcs/sources_1/new/data_selector_bottom.vhd:81]
ERROR: [Synth 8-285] failed synthesizing module 'data_selector_bottom' [D:/Krishi/CampusProjects/block_matrix_multiplier/block_matrix_multiplier.srcs/sources_1/new/data_selector_bottom.vhd:45]
ERROR: [Synth 8-285] failed synthesizing module 'main' [D:/Krishi/CampusProjects/block_matrix_multiplier/block_matrix_multiplier.srcs/sources_1/new/main.vhd:45]
---------------------------------------------------------------------------------
Finished Synthesize : Time (s): cpu = 00:00:10 ; elapsed = 00:01:07 . Memory (MB): peak = 471.566 ; gain = 157.219
---------------------------------------------------------------------------------
synthesize failed
INFO: [Common 17-83] Releasing license: Synthesis
8 Infos, 4 Warnings, 0 Critical Warnings and 4 Errors encountered.
synth_design failed
ERROR: [Common 17-69] Command failed: Vivado Synthesis failed
INFO: [Common 17-206] Exiting Vivado at Sun Oct 24 15:39:15 2021...
